Build started 2/28/16 2:08:19 AM.
     1>Project "C:\Users\kevinvu\Desktop\Program5CS20A\MenuDrivenListVS2012\MenuDrivenListVS2012\MenuDrivenListVS2012.vcxproj" on node 2 (Build target(s)).
     1>C:\Program Files (x86)\MSBuild\Microsoft.Cpp\v4.0\V140\Microsoft.CppBuild.targets(392,5): warning MSB8028: The intermediate directory (Debug\) contains files shared from another project (MenuDrivenListVS2012.vcxproj).  This can lead to incorrect clean and rebuild behavior.
     1>ClCompile:
         C:\Program Files (x86)\Microsoft Visual Studio 14.0\VC\bin\CL.exe /c /ZI /nologo /W3 /WX- /Od /Oy- /D WIN32 /D _DEBUG /D _CONSOLE /D _UNICODE /D UNICODE /Gm /EHsc /RTC1 /MDd /GS /fp:precise /Zc:wchar_t /Zc:forScope /Zc:inline /Fo"Debug\\" /Fd"Debug\vc140.pdb" /Gd /TP /analyze- /errorReport:prompt BadIterator.cpp List.cpp ListIterator.cpp ListMenu.cpp ListNode.cpp
         ListNode.cpp
         ListMenu.cpp
         ListIterator.cpp
         List.cpp
         BadIterator.cpp
         Generating Code...
       Link:
         C:\Program Files (x86)\Microsoft Visual Studio 14.0\VC\bin\link.exe /ERRORREPORT:PROMPT /OUT:"C:\Users\kevinvu\Desktop\Program5CS20A\MenuDrivenListVS2012\Debug\Program5ListsCS20A.exe" /INCREMENTAL /NOLOGO kernel32.lib user32.lib gdi32.lib winspool.lib comdlg32.lib advapi32.lib shell32.lib ole32.lib oleaut32.lib uuid.lib odbc32.lib odbccp32.lib /MANIFEST /MANIFESTUAC:"level='asInvoker' uiAccess='false'" /manifest:embed /Debug /PDB:"C:\Users\kevinvu\Desktop\Program5CS20A\MenuDrivenListVS2012\Debug\Program5ListsCS20A.pdb" /SUBSYSTEM:CONSOLE /TLBID:1 /DYNAMICBASE /NXCOMPAT /IMPLIB:"C:\Users\kevinvu\Desktop\Program5CS20A\MenuDrivenListVS2012\Debug\Program5ListsCS20A.lib" /MACHINE:X86 Debug\BadIterator.obj
         Debug\List.obj
         Debug\ListIterator.obj
         Debug\ListMenu.obj
         Debug\ListNode.obj
         MenuDrivenListVS2012.vcxproj -> C:\Users\kevinvu\Desktop\Program5CS20A\MenuDrivenListVS2012\Debug\Program5ListsCS20A.exe
     1>Done Building Project "C:\Users\kevinvu\Desktop\Program5CS20A\MenuDrivenListVS2012\MenuDrivenListVS2012\MenuDrivenListVS2012.vcxproj" (Build target(s)).

Build succeeded.

Time Elapsed 00:00:02.38
